<?xml version="1.0" encoding="UTF-8"?>
<!-- Generated by org.testng.reporters.JUnitReportReporter -->
<testsuite hostname="LAPTOP-545V97R0" failures="0" tests="1" name="VootHome" time="30.077" errors="0" timestamp="2022-05-31T11:36:00 IST" skipped="0">
  <testcase classname="VootHome" name="homePagevalidation" time="30.077"/>
  <system-out/>
</testsuite> <!-- VootHome -->
