<?xml version="1.0" encoding="UTF-8"?>
<!-- Generated by org.testng.reporters.JUnitReportReporter -->
<testsuite hostname="LAPTOP-545V97R0" failures="0" tests="1" name="Methods" time="37.435" errors="0" timestamp="2022-05-31T12:40:40 IST" skipped="0">
  <testcase classname="Methods" name="homePagevalidation" time="37.435"/>
  <system-out/>
</testsuite> <!-- Methods -->
