<?xml version="1.0" encoding="UTF-8"?>
<!-- Generated by org.testng.reporters.JUnitReportReporter -->
<testsuite hostname="LAPTOP-545V97R0" failures="0" tests="1" name="vootdemo1.BasicPgm" time="37.449" errors="0" timestamp="2022-05-31T11:54:36 IST" skipped="0">
  <testcase classname="vootdemo1.BasicPgm" name="testUntitledTestCase" time="37.449"/>
  <system-out/>
</testsuite> <!-- vootdemo1.BasicPgm -->
